<?xml version="1.0" encoding="UTF-8" ?>
<testsuite tests="6" failures="0" name="number.NumberTest" time="0.008" errors="0" skipped="0">
  <properties>
[...]
</properties>
  <testcase classname="number.NumberTest" name="shouldReturnTrueForPrime" time="0.008"/>
  <testcase classname="number.NumberTest" name="shouldReturnFalseForNonPalindrome" time="0"/>
  <testcase classname="number.NumberTest" name="shouldReturnFalseForPalindrome" time="0"/>
  <testcase classname="number.NumberTest" name="shouldReturnTrueForArmstrong" time="0"/>
  <testcase classname="number.NumberTest" name="shouldReturnFalseForNonArmstrong" time="0"/>
  <testcase classname="number.NumberTest" name="shouldReturnFalseForNonPrime" time="0"/>
</testsuite>